<?xml version="1.0" encoding="UTF-8"?>
<testsuite xmlns:xsi="http://www.w3.org/2001/XMLSchema-instance" xsi:noNamespaceSchemaLocation="https://maven.apache.org/surefire/maven-surefire-plugin/xsd/surefire-test-report.xsd" name="Netology.homeworks.AfishaManagerTest" time="0.252" tests="2" errors="0" skipped="0" failures="0">
  <properties>
[...]
</properties>
  <testcase name="ShouldShowMoviesInReverseOrder" classname="Netology.homeworks.AfishaManagerTest" time="0.198"/>
  <testcase name="test" classname="Netology.homeworks.AfishaManagerTest" time="0.005"/>
</testsuite>